\BOOKMARK [1][-]{section.1}{I Introduction}{}% 1
\BOOKMARK [1][-]{section.2}{II Overview of the Virtual Centipede}{}% 2
\BOOKMARK [2][-]{subsection.2.1}{II-A Functional Overview}{section.2}% 3
\BOOKMARK [2][-]{subsection.2.2}{II-B Simulation Framework}{section.2}% 4
\BOOKMARK [1][-]{section.3}{III 3D Biomechanical Model}{}% 5
\BOOKMARK [2][-]{subsection.3.1}{III-A Overview}{section.3}% 6
\BOOKMARK [2][-]{subsection.3.2}{III-B Rigid Segment}{section.3}% 7
\BOOKMARK [2][-]{subsection.3.3}{III-C Deformable Segment}{section.3}% 8
\BOOKMARK [2][-]{subsection.3.4}{III-D Rigid and Deformable Coupling}{section.3}% 9
\BOOKMARK [2][-]{subsection.3.5}{III-E Legs}{section.3}% 10
\BOOKMARK [1][-]{section.4}{IV Locomotion}{}% 11
\BOOKMARK [2][-]{subsection.4.1}{IV-A Theory}{section.4}% 12
\BOOKMARK [2][-]{subsection.4.2}{IV-B A Working Local Leg Controller}{section.4}% 13
\BOOKMARK [3][-]{subsubsection.4.2.1}{IV-B1 Target Net}{subsection.4.2}% 14
\BOOKMARK [3][-]{subsubsection.4.2.2}{IV-B2 Balance Net}{subsection.4.2}% 15
\BOOKMARK [3][-]{subsubsection.4.2.3}{IV-B3 Switch Net}{subsection.4.2}% 16
\BOOKMARK [3][-]{subsubsection.4.2.4}{IV-B4 Stance Net}{subsection.4.2}% 17
\BOOKMARK [3][-]{subsubsection.4.2.5}{IV-B5 Swing Forward Net}{subsection.4.2}% 18
\BOOKMARK [3][-]{subsubsection.4.2.6}{IV-B6 Swing Backward Net}{subsection.4.2}% 19
\BOOKMARK [2][-]{subsection.4.3}{IV-C Inverse Kinematics Net}{section.4}% 20
\BOOKMARK [1][-]{section.5}{V Higher Level Behaviors}{}% 21
\BOOKMARK [2][-]{subsection.5.1}{V-A Perception Through the Antennas}{section.5}% 22
\BOOKMARK [2][-]{subsection.5.2}{V-B Obstacle Avoidance}{section.5}% 23
\BOOKMARK [2][-]{subsection.5.3}{V-C Foraging and Predating}{section.5}% 24
\BOOKMARK [1][-]{section.6}{VI Conclusions}{}% 25
\BOOKMARK [1][-]{section*.1}{References}{}% 26
