This is pdfTeX, Version 3.1415926-2.4-1.40.13 (MiKTeX 2.9 64-bit) (preloaded format=pdflatex 2012.11.5)  6 NOV 2012 08:59
entering extended mode
**F:/Dropbox/Project/Graphics/Millipede/Paper/IEEE.tex
(F:/Dropbox/Project/Graphics/Millipede/Paper/IEEE.tex
LaTeX2e <2011/06/27>
Babel <v3.8m> and hyphenation patterns for english, afrikaans, ancientgreek, ar
abic, armenian, assamese, basque, bengali, bokmal, bulgarian, catalan, coptic, 
croatian, czech, danish, dutch, esperanto, estonian, farsi, finnish, french, ga
lician, german, german-x-2012-05-30, greek, gujarati, hindi, hungarian, iceland
ic, indonesian, interlingua, irish, italian, kannada, kurmanji, latin, latvian,
 lithuanian, malayalam, marathi, mongolian, mongolianlmc, monogreek, ngerman, n
german-x-2012-05-30, nynorsk, oriya, panjabi, pinyin, polish, portuguese, roman
ian, russian, sanskrit, serbian, slovak, slovenian, spanish, swedish, swissgerm
an, tamil, telugu, turkish, turkmen, ukenglish, ukrainian, uppersorbian, usengl
ishmax, welsh, loaded.
(F:\Dropbox\Project\Graphics\Millipede\Paper\IEEEtran.cls
Document Class: IEEEtran 2007/03/05 V1.7a by Michael Shell
-- See the "IEEEtran_HOWTO" manual for usage information.
-- http://www.michaelshell.org/tex/ieeetran/
\@IEEEtrantmpdimenA=\dimen102
\@IEEEtrantmpdimenB=\dimen103
\@IEEEtrantmpcountA=\count79
\@IEEEtrantmpcountB=\count80
\@IEEEtrantmptoksA=\toks14
LaTeX Font Info:    Try loading font information for OT1+ptm on input line 366.

("D:\Program Files\MiKTeX 2.9\tex\latex\psnfss\ot1ptm.fd"
File: ot1ptm.fd 2001/06/04 font definitions for OT1/ptm.
)
-- Using 8.5in x 11in (letter) paper.
-- Using PDF output.
\@IEEEnormalsizeunitybaselineskip=\dimen104
-- This is a 10 point document.
\CLASSINFOnormalsizebaselineskip=\dimen105
\CLASSINFOnormalsizeunitybaselineskip=\dimen106
\IEEEnormaljot=\dimen107
LaTeX Font Info:    Font shape `OT1/ptm/bx/n' in size <5> not available
(Font)              Font shape `OT1/ptm/b/n' tried instead on input line 724.
LaTeX Font Info:    Font shape `OT1/ptm/bx/it' in size <5> not available
(Font)              Font shape `OT1/ptm/b/it' tried instead on input line 724.
LaTeX Font Info:    Font shape `OT1/ptm/bx/n' in size <7> not available
(Font)              Font shape `OT1/ptm/b/n' tried instead on input line 724.
LaTeX Font Info:    Font shape `OT1/ptm/bx/it' in size <7> not available
(Font)              Font shape `OT1/ptm/b/it' tried instead on input line 724.
LaTeX Font Info:    Font shape `OT1/ptm/bx/n' in size <8> not available
(Font)              Font shape `OT1/ptm/b/n' tried instead on input line 724.
LaTeX Font Info:    Font shape `OT1/ptm/bx/it' in size <8> not available
(Font)              Font shape `OT1/ptm/b/it' tried instead on input line 724.
LaTeX Font Info:    Font shape `OT1/ptm/bx/n' in size <9> not available
(Font)              Font shape `OT1/ptm/b/n' tried instead on input line 724.
LaTeX Font Info:    Font shape `OT1/ptm/bx/it' in size <9> not available
(Font)              Font shape `OT1/ptm/b/it' tried instead on input line 724.
LaTeX Font Info:    Font shape `OT1/ptm/bx/n' in size <10> not available
(Font)              Font shape `OT1/ptm/b/n' tried instead on input line 724.
LaTeX Font Info:    Font shape `OT1/ptm/bx/it' in size <10> not available
(Font)              Font shape `OT1/ptm/b/it' tried instead on input line 724.
LaTeX Font Info:    Font shape `OT1/ptm/bx/n' in size <11> not available
(Font)              Font shape `OT1/ptm/b/n' tried instead on input line 724.
LaTeX Font Info:    Font shape `OT1/ptm/bx/it' in size <11> not available
(Font)              Font shape `OT1/ptm/b/it' tried instead on input line 724.
LaTeX Font Info:    Font shape `OT1/ptm/bx/n' in size <12> not available
(Font)              Font shape `OT1/ptm/b/n' tried instead on input line 724.
LaTeX Font Info:    Font shape `OT1/ptm/bx/it' in size <12> not available
(Font)              Font shape `OT1/ptm/b/it' tried instead on input line 724.
LaTeX Font Info:    Font shape `OT1/ptm/bx/n' in size <17> not available
(Font)              Font shape `OT1/ptm/b/n' tried instead on input line 724.
LaTeX Font Info:    Font shape `OT1/ptm/bx/it' in size <17> not available
(Font)              Font shape `OT1/ptm/b/it' tried instead on input line 724.
LaTeX Font Info:    Font shape `OT1/ptm/bx/n' in size <20> not available
(Font)              Font shape `OT1/ptm/b/n' tried instead on input line 724.
LaTeX Font Info:    Font shape `OT1/ptm/bx/it' in size <20> not available
(Font)              Font shape `OT1/ptm/b/it' tried instead on input line 724.
LaTeX Font Info:    Font shape `OT1/ptm/bx/n' in size <24> not available
(Font)              Font shape `OT1/ptm/b/n' tried instead on input line 724.
LaTeX Font Info:    Font shape `OT1/ptm/bx/it' in size <24> not available
(Font)              Font shape `OT1/ptm/b/it' tried instead on input line 724.
\IEEEilabelindentA=\dimen108
\IEEEilabelindentB=\dimen109
\IEEEilabelindent=\dimen110
\IEEEelabelindent=\dimen111
\IEEEdlabelindent=\dimen112
\IEEElabelindent=\dimen113
\IEEEiednormlabelsep=\dimen114
\IEEEiedmathlabelsep=\dimen115
\IEEEiedtopsep=\skip41
\c@section=\count81
\c@subsection=\count82
\c@subsubsection=\count83
\c@paragraph=\count84
\c@IEEEsubequation=\count85
\abovecaptionskip=\skip42
\belowcaptionskip=\skip43
\c@figure=\count86
\c@table=\count87
\@IEEEeqnnumcols=\count88
\@IEEEeqncolcnt=\count89
\@IEEEtmpitemindent=\dimen116
\c@IEEEbiography=\count90
\@IEEEtranrubishbin=\box26
) ("D:\Program Files\MiKTeX 2.9\tex\latex\amsfonts\amsfonts.sty"
Package: amsfonts 2009/06/22 v3.00 Basic AMSFonts support
\@emptytoks=\toks15
\symAMSa=\mathgroup4
\symAMSb=\mathgroup5
LaTeX Font Info:    Overwriting math alphabet `\mathfrak' in version `bold'
(Font)                  U/euf/m/n --> U/euf/b/n on input line 96.
)
("D:\Program Files\MiKTeX 2.9\tex\latex\ams\math\amsmath.sty"
Package: amsmath 2000/07/18 v2.13 AMS math features
\@mathmargin=\skip44

For additional information on amsmath, use the `?' option.
("D:\Program Files\MiKTeX 2.9\tex\latex\ams\math\amstext.sty"
Package: amstext 2000/06/29 v2.01

("D:\Program Files\MiKTeX 2.9\tex\latex\ams\math\amsgen.sty"
File: amsgen.sty 1999/11/30 v2.0
\@emptytoks=\toks16
\ex@=\dimen117
))
("D:\Program Files\MiKTeX 2.9\tex\latex\ams\math\amsbsy.sty"
Package: amsbsy 1999/11/29 v1.2d
\pmbraise@=\dimen118
)
("D:\Program Files\MiKTeX 2.9\tex\latex\ams\math\amsopn.sty"
Package: amsopn 1999/12/14 v2.01 operator names
)
\inf@bad=\count91
LaTeX Info: Redefining \frac on input line 211.
\uproot@=\count92
\leftroot@=\count93
LaTeX Info: Redefining \overline on input line 307.
\classnum@=\count94
\DOTSCASE@=\count95
LaTeX Info: Redefining \ldots on input line 379.
LaTeX Info: Redefining \dots on input line 382.
LaTeX Info: Redefining \cdots on input line 467.
\Mathstrutbox@=\box27
\strutbox@=\box28
\big@size=\dimen119
LaTeX Font Info:    Redeclaring font encoding OML on input line 567.
LaTeX Font Info:    Redeclaring font encoding OMS on input line 568.
\macc@depth=\count96
\c@MaxMatrixCols=\count97
\dotsspace@=\muskip10
\c@parentequation=\count98
\dspbrk@lvl=\count99
\tag@help=\toks17
\row@=\count100
\column@=\count101
\maxfields@=\count102
\andhelp@=\toks18
\eqnshift@=\dimen120
\alignsep@=\dimen121
\tagshift@=\dimen122
\tagwidth@=\dimen123
\totwidth@=\dimen124
\lineht@=\dimen125
\@envbody=\toks19
\multlinegap=\skip45
\multlinetaggap=\skip46
\mathdisplay@stack=\toks20
LaTeX Info: Redefining \[ on input line 2666.
LaTeX Info: Redefining \] on input line 2667.
)
("D:\Program Files\MiKTeX 2.9\tex\latex\amsfonts\amssymb.sty"
Package: amssymb 2009/06/22 v3.00
)
("D:\Program Files\MiKTeX 2.9\tex\latex\graphics\graphicx.sty"
Package: graphicx 1999/02/16 v1.0f Enhanced LaTeX Graphics (DPC,SPQR)

("D:\Program Files\MiKTeX 2.9\tex\latex\graphics\keyval.sty"
Package: keyval 1999/03/16 v1.13 key=value parser (DPC)
\KV@toks@=\toks21
)
("D:\Program Files\MiKTeX 2.9\tex\latex\graphics\graphics.sty"
Package: graphics 2009/02/05 v1.0o Standard LaTeX Graphics (DPC,SPQR)

("D:\Program Files\MiKTeX 2.9\tex\latex\graphics\trig.sty"
Package: trig 1999/03/16 v1.09 sin cos tan (DPC)
)
("D:\Program Files\MiKTeX 2.9\tex\latex\00miktex\graphics.cfg"
File: graphics.cfg 2007/01/18 v1.5 graphics configuration of teTeX/TeXLive
)
Package graphics Info: Driver file: pdftex.def on input line 91.

("D:\Program Files\MiKTeX 2.9\tex\latex\pdftex-def\pdftex.def"
File: pdftex.def 2011/05/27 v0.06d Graphics/color for pdfTeX

("D:\Program Files\MiKTeX 2.9\tex\generic\oberdiek\infwarerr.sty"
Package: infwarerr 2010/04/08 v1.3 Providing info/warning/error messages (HO)
)
("D:\Program Files\MiKTeX 2.9\tex\generic\oberdiek\ltxcmds.sty"
Package: ltxcmds 2011/11/09 v1.22 LaTeX kernel commands for general use (HO)
)
\Gread@gobject=\count103
))
\Gin@req@height=\dimen126
\Gin@req@width=\dimen127
)
("D:\Program Files\MiKTeX 2.9\tex\latex\graphics\color.sty"
Package: color 2005/11/14 v1.0j Standard LaTeX Color (DPC)

("D:\Program Files\MiKTeX 2.9\tex\latex\00miktex\color.cfg"
File: color.cfg 2007/01/18 v1.5 color configuration of teTeX/TeXLive
)
Package color Info: Driver file: pdftex.def on input line 130.
)
("D:\Program Files\MiKTeX 2.9\tex\latex\hyperref\hyperref.sty"
Package: hyperref 2012/10/31 v6.83l Hypertext links for LaTeX

("D:\Program Files\MiKTeX 2.9\tex\generic\oberdiek\hobsub-hyperref.sty"
Package: hobsub-hyperref 2012/04/25 v1.12 Bundle oberdiek, subset hyperref (HO)


("D:\Program Files\MiKTeX 2.9\tex\generic\oberdiek\hobsub-generic.sty"
Package: hobsub-generic 2012/04/25 v1.12 Bundle oberdiek, subset generic (HO)
Package: hobsub 2012/04/25 v1.12 Construct package bundles (HO)
Package hobsub Info: Skipping package `infwarerr' (already loaded).
Package hobsub Info: Skipping package `ltxcmds' (already loaded).
Package: ifluatex 2010/03/01 v1.3 Provides the ifluatex switch (HO)
Package ifluatex Info: LuaTeX not detected.
Package: ifvtex 2010/03/01 v1.5 Detect VTeX and its facilities (HO)
Package ifvtex Info: VTeX not detected.
Package: intcalc 2007/09/27 v1.1 Expandable calculations with integers (HO)
Package: ifpdf 2011/01/30 v2.3 Provides the ifpdf switch (HO)
Package ifpdf Info: pdfTeX in PDF mode is detected.
Package: etexcmds 2011/02/16 v1.5 Avoid name clashes with e-TeX commands (HO)
Package etexcmds Info: Could not find \expanded.
(etexcmds)             That can mean that you are not using pdfTeX 1.50 or
(etexcmds)             that some package has redefined \expanded.
(etexcmds)             In the latter case, load this package earlier.
Package: kvsetkeys 2012/04/25 v1.16 Key value parser (HO)
Package: kvdefinekeys 2011/04/07 v1.3 Define keys (HO)
Package: pdftexcmds 2011/11/29 v0.20 Utility functions of pdfTeX for LuaTeX (HO
)
Package pdftexcmds Info: LuaTeX not detected.
Package pdftexcmds Info: \pdf@primitive is available.
Package pdftexcmds Info: \pdf@ifprimitive is available.
Package pdftexcmds Info: \pdfdraftmode found.
Package: pdfescape 2011/11/25 v1.13 Implements pdfTeX's escape features (HO)
Package: bigintcalc 2012/04/08 v1.3 Expandable calculations on big integers (HO
)
Package: bitset 2011/01/30 v1.1 Handle bit-vector datatype (HO)
Package: uniquecounter 2011/01/30 v1.2 Provide unlimited unique counter (HO)
)
Package hobsub Info: Skipping package `hobsub' (already loaded).
Package: letltxmacro 2010/09/02 v1.4 Let assignment for LaTeX macros (HO)
Package: hopatch 2011/06/24 v1.1 Wrapper for package hooks (HO)
Package: xcolor-patch 2011/01/30 xcolor patch
Package: atveryend 2011/06/30 v1.8 Hooks at the very end of document (HO)
Package atveryend Info: \enddocument detected (standard20110627).
Package: atbegshi 2011/10/05 v1.16 At begin shipout hook (HO)
Package: refcount 2011/10/16 v3.4 Data extraction from label references (HO)
Package: hycolor 2011/01/30 v1.7 Color options for hyperref/bookmark (HO)
)
("D:\Program Files\MiKTeX 2.9\tex\generic\ifxetex\ifxetex.sty"
Package: ifxetex 2010/09/12 v0.6 Provides ifxetex conditional
)
("D:\Program Files\MiKTeX 2.9\tex\latex\oberdiek\auxhook.sty"
Package: auxhook 2011/03/04 v1.3 Hooks for auxiliary files (HO)
)
("D:\Program Files\MiKTeX 2.9\tex\latex\oberdiek\kvoptions.sty"
Package: kvoptions 2011/06/30 v3.11 Key value format for package options (HO)
)
\@linkdim=\dimen128
\Hy@linkcounter=\count104
\Hy@pagecounter=\count105

("D:\Program Files\MiKTeX 2.9\tex\latex\hyperref\pd1enc.def"
File: pd1enc.def 2012/10/31 v6.83l Hyperref: PDFDocEncoding definition (HO)
)
\Hy@SavedSpaceFactor=\count106

("D:\Program Files\MiKTeX 2.9\tex\latex\00miktex\hyperref.cfg"
File: hyperref.cfg 2002/06/06 v1.2 hyperref configuration of TeXLive
)
Package hyperref Info: Option `pdfpagelabels' set `true' on input line 4204.
Package hyperref Info: Option `hypertexnames' set `true' on input line 4204.
Package hyperref Info: Option `plainpages' set `false' on input line 4204.
Package hyperref Info: Option `naturalnames' set `false' on input line 4204.
Package hyperref Info: Hyper figures OFF on input line 4328.
Package hyperref Info: Link nesting OFF on input line 4333.
Package hyperref Info: Hyper index ON on input line 4336.
Package hyperref Info: Plain pages OFF on input line 4343.
Package hyperref Info: Backreferencing ON on input line 4346.
Package hyperref Info: Implicit mode ON; LaTeX internals redefined.
Package hyperref Info: Bookmarks ON on input line 4573.

("D:\Program Files\MiKTeX 2.9\tex\latex\hyperref\backref.sty"
Package: backref 2012/07/25 v1.38 Bibliographical back referencing

("D:\Program Files\MiKTeX 2.9\tex\latex\oberdiek\rerunfilecheck.sty"
Package: rerunfilecheck 2011/04/15 v1.7 Rerun checks for auxiliary files (HO)
Package uniquecounter Info: New unique counter `rerunfilecheck' on input line 2
82.
))
\c@Hy@tempcnt=\count107

("D:\Program Files\MiKTeX 2.9\tex\latex\ltxmisc\url.sty"
\Urlmuskip=\muskip11
Package: url 2006/04/12  ver 3.3  Verb mode for urls, etc.
)
LaTeX Info: Redefining \url on input line 4926.
\XeTeXLinkMargin=\dimen129
\Fld@menulength=\count108
\Field@Width=\dimen130
\Fld@charsize=\dimen131
Package hyperref Info: Hyper figures OFF on input line 6180.
Package hyperref Info: Link nesting OFF on input line 6185.
Package hyperref Info: Hyper index ON on input line 6188.
Package hyperref Info: backreferencing ON on input line 6193.
Package hyperref Info: Link coloring OFF on input line 6200.
Package hyperref Info: Link coloring with OCG OFF on input line 6205.
Package hyperref Info: PDF/A mode OFF on input line 6210.
LaTeX Info: Redefining \ref on input line 6250.
LaTeX Info: Redefining \pageref on input line 6254.
\Hy@abspage=\count109
\c@Item=\count110
\c@Hfootnote=\count111
)

Package hyperref Message: Driver: hpdftex.

("D:\Program Files\MiKTeX 2.9\tex\latex\hyperref\hpdftex.def"
File: hpdftex.def 2012/10/31 v6.83l Hyperref driver for pdfTeX
\Fld@listcount=\count112
\c@bookmark@seq@number=\count113
\Hy@SectionHShift=\skip47
)
Package hyperref Info: Option `bookmarksnumbered' set `true' on input line 33.
Package hyperref Info: Option `colorlinks' set `true' on input line 33.
Package hyperref Info: Option `breaklinks' set `true' on input line 33.
\c@theorem=\count114

(F:\Dropbox\Project\Graphics\Millipede\Paper\IEEE.aux)
LaTeX Font Info:    Checking defaults for OML/cmm/m/it on input line 72.
LaTeX Font Info:    ... okay on input line 72.
LaTeX Font Info:    Checking defaults for T1/cmr/m/n on input line 72.
LaTeX Font Info:    ... okay on input line 72.
LaTeX Font Info:    Checking defaults for OT1/cmr/m/n on input line 72.
LaTeX Font Info:    ... okay on input line 72.
LaTeX Font Info:    Checking defaults for OMS/cmsy/m/n on input line 72.
LaTeX Font Info:    ... okay on input line 72.
LaTeX Font Info:    Checking defaults for OMX/cmex/m/n on input line 72.
LaTeX Font Info:    ... okay on input line 72.
LaTeX Font Info:    Checking defaults for U/cmr/m/n on input line 72.
LaTeX Font Info:    ... okay on input line 72.
LaTeX Font Info:    Checking defaults for PD1/pdf/m/n on input line 72.
LaTeX Font Info:    ... okay on input line 72.

("D:\Program Files\MiKTeX 2.9\tex\context\base\supp-pdf.mkii"
[Loading MPS to PDF converter (version 2006.09.02).]
\scratchcounter=\count115
\scratchdimen=\dimen132
\scratchbox=\box29
\nofMPsegments=\count116
\nofMParguments=\count117
\everyMPshowfont=\toks22
\MPscratchCnt=\count118
\MPscratchDim=\dimen133
\MPnumerator=\count119
\makeMPintoPDFobject=\count120
\everyMPtoPDFconversion=\toks23
)
\AtBeginShipoutBox=\box30
Package hyperref Info: Link coloring ON on input line 72.
 ("D:\Program Files\MiKTeX 2.9\tex\latex\hyperref\nameref.sty"
Package: nameref 2012/10/27 v2.43 Cross-referencing by name of section

("D:\Program Files\MiKTeX 2.9\tex\generic\oberdiek\gettitlestring.sty"
Package: gettitlestring 2010/12/03 v1.4 Cleanup title references (HO)
)
\c@section@level=\count121
)
LaTeX Info: Redefining \ref on input line 72.
LaTeX Info: Redefining \pageref on input line 72.
LaTeX Info: Redefining \nameref on input line 72.

(F:\Dropbox\Project\Graphics\Millipede\Paper\IEEE.out)
(F:\Dropbox\Project\Graphics\Millipede\Paper\IEEE.out)
\@outlinefile=\write3

** ATTENTION: \pubid is deprecated (line 76). Use \IEEEpubid instead.
** WARNING: \IEEEpubid is locked out when in conference mode (line 76).
** ATTENTION: \specialpapernotice is deprecated (line 77). Use \IEEEspecialpape
rnotice instead.
** ATTENTION: \authorblockN is deprecated (line 94). Use \IEEEauthorblockN inst
ead.
** ATTENTION: \authorblockA is deprecated (line 94). Use \IEEEauthorblockA inst
ead.
** ATTENTION: \authorblockN is deprecated (line 94). Use \IEEEauthorblockN inst
ead.
** ATTENTION: \authorblockA is deprecated (line 94). Use \IEEEauthorblockA inst
ead.

Underfull \hbox (badness 2393) in paragraph at lines 128--151
\OT1/ptm/b/n/9 of de-sign-ing or train-ing an ex-pen-sive, com-plex global
 []


Underfull \hbox (badness 1735) in paragraph at lines 128--151
\OT1/ptm/b/n/9 con-troller net-work to co-or-di-nate hun-dreds of legs, the
 []


Underfull \hbox (badness 10000) in paragraph at lines 128--151

 []

[1{C:/ProgramData/MiKTeX/2.9/pdftex/config/pdftex.map}


]
<./images/overview.jpg, id=132, 696.46336pt x 1038.01663pt>
File: ./images/overview.jpg Graphic file (type jpg)

<use ./images/overview.jpg>
Package pdftex.def Info: ./images/overview.jpg used on input line 236.
(pdftex.def)             Requested size: 252.94499pt x 376.99602pt.

Overfull \hbox (9.94499pt too wide) in paragraph at lines 236--246
 [][] 
 []

[2 <F:/Dropbox/Project/Graphics/Millipede/Paper/images/overview.jpg>]
<./images/threeTypes.png, id=158, 974.6814pt x 321.3606pt>
File: ./images/threeTypes.png Graphic file (type png)

<use ./images/threeTypes.png>
Package pdftex.def Info: ./images/threeTypes.png used on input line 302.
(pdftex.def)             Requested size: 252.94499pt x 83.39487pt.

Overfull \hbox (9.94499pt too wide) in paragraph at lines 302--303
 [][] 
 []

<./images/structure.png, id=169, 1193.9004pt x 590.205pt>
File: ./images/structure.png Graphic file (type png)

<use ./images/structure.png>
Package pdftex.def Info: ./images/structure.png used on input line 333.
(pdftex.def)             Requested size: 252.94499pt x 125.0364pt.

Overfull \hbox (9.94499pt too wide) in paragraph at lines 333--334
 [][] 
 []

[3 <F:/Dropbox/Project/Graphics/Millipede/Paper/images/threeTypes.png> <F:/Drop
box/Project/Graphics/Millipede/Paper/images/structure.png>]
<./images/mapping.png, id=210, 633.0852pt x 316.5426pt>
File: ./images/mapping.png Graphic file (type png)

<use ./images/mapping.png>
Package pdftex.def Info: ./images/mapping.png used on input line 418.
(pdftex.def)             Requested size: 252.94499pt x 126.4699pt.

Overfull \hbox (9.94499pt too wide) in paragraph at lines 418--419
 [][] 
 []

<./images/FVM.png, id=211, 1370.2392pt x 1114.8852pt>
File: ./images/FVM.png Graphic file (type png)
 <use ./images/FVM.png>
Package pdftex.def Info: ./images/FVM.png used on input line 425.
(pdftex.def)             Requested size: 252.94499pt x 205.79121pt.

Overfull \hbox (9.94499pt too wide) in paragraph at lines 425--426
 [][] 
 []

LaTeX Font Info:    Try loading font information for U+msa on input line 434.
("D:\Program Files\MiKTeX 2.9\tex\latex\amsfonts\umsa.fd"
File: umsa.fd 2009/06/22 v3.00 AMS symbols A
)
LaTeX Font Info:    Try loading font information for U+msb on input line 434.

("D:\Program Files\MiKTeX 2.9\tex\latex\amsfonts\umsb.fd"
File: umsb.fd 2009/06/22 v3.00 AMS symbols B
) [4 <F:/Dropbox/Project/Graphics/Millipede/Paper/images/mapping.png> <F:/Dropb
ox/Project/Graphics/Millipede/Paper/images/FVM.png>]
<./images/ride1.png, id=248, 723.1818pt x 275.1078pt>
File: ./images/ride1.png Graphic file (type png)
 <use ./images/ride1.png>
Package pdftex.def Info: ./images/ride1.png used on input line 552.
(pdftex.def)             Requested size: 252.94499pt x 96.222pt.

<./images/ride2.png, id=249, 1162.5834pt x 406.1574pt>
File: ./images/ride2.png Graphic file (type png)

<use ./images/ride2.png>
Package pdftex.def Info: ./images/ride2.png used on input line 553.
(pdftex.def)             Requested size: 252.94499pt x 88.3633pt.

Overfull \hbox (9.94499pt too wide) in paragraph at lines 552--554
 [][] 
 []


Overfull \hbox (9.94499pt too wide) in paragraph at lines 552--554
 [] 
 []

<./images/leg.png, id=252, 499.6266pt x 960.2274pt>
File: ./images/leg.png Graphic file (type png)
 <use ./images/leg.png>
Package pdftex.def Info: ./images/leg.png used on input line 584.
(pdftex.def)             Requested size: 252.94499pt x 486.1198pt.

Overfull \hbox (9.94499pt too wide) in paragraph at lines 584--585
 [][] 
 []

[5 <F:/Dropbox/Project/Graphics/Millipede/Paper/images/ride1.png> <F:/Dropbox/P
roject/Graphics/Millipede/Paper/images/ride2.png>]
Underfull \vbox (badness 10000) has occurred while \output is active []

 [6 <F:/Dropbox/Project/Graphics/Millipede/Paper/images/leg.png>]
<./images/targetnet.png, id=304, 658.6206pt x 504.4446pt>
File: ./images/targetnet.png Graphic file (type png)

<use ./images/targetnet.png>
Package pdftex.def Info: ./images/targetnet.png used on input line 694.
(pdftex.def)             Requested size: 252.94499pt x 193.73068pt.

Overfull \hbox (9.94499pt too wide) in paragraph at lines 694--700
 [][] 
 []

[7 <F:/Dropbox/Project/Graphics/Millipede/Paper/images/targetnet.png>] [8]
(F:\Dropbox\Project\Graphics\Millipede\Paper\IEEE.brf)
\tf@brf=\write4

Underfull \hbox (badness 10000) in paragraph at lines 922--922
[]\OT1/ptm/m/n/8 Guennebaud and Benot Ja-cob and oth-ers, Eigen v3,
 []

Missing character: There is no – in font ptmr7t!
Missing character: There is no — in font ptmr7t!

Underfull \hbox (badness 1748) in paragraph at lines 960--960
[]\OT1/ptm/m/n/8 Salomon, R.; Licht-en-steiger, L.; , "Ex-plor-ing dif-fer-ent 
cod-ing
 []

Missing character: There is no Ð in font ptmr7t!

Underfull \hbox (badness 3078) in paragraph at lines 976--976
[]\OT1/ptm/m/n/8 J.P.Gourret, N.Magnenat-Thalmann, D.Thalmann, Sim-u-la-tion of

 []


Underfull \hbox (badness 4899) in paragraph at lines 976--976
\OT1/ptm/m/n/8 Ob-ject and Hu-man Skin De-for-ma-tions in a Grasp-ing Task,
 []

Missing character: There is no – in font ptmr7t!
Missing character: There is no – in font ptmr7t!
[9]

** Conference Paper **
Before submitting the final camera ready copy, remember to:

 1. Manually equalize the lengths of two columns on the last page
 of your paper;

 2. Ensure that any PostScript and/or PDF output post-processing
 uses only Type 1 fonts and that every step in the generation
 process uses the appropriate paper size.

Package atveryend Info: Empty hook `BeforeClearDocument' on input line 1054.
[10

]
Package atveryend Info: Empty hook `AfterLastShipout' on input line 1054.
 (F:\Dropbox\Project\Graphics\Millipede\Paper\IEEE.aux)
Package atveryend Info: Executing hook `AtVeryEndDocument' on input line 1054.
Package atveryend Info: Executing hook `AtEndAfterFileList' on input line 1054.

Package rerunfilecheck Info: File `IEEE.out' has not changed.
(rerunfilecheck)             Checksum: 52B326F496BCCF598C2DBCFF38973E63;1836.
Package rerunfilecheck Info: File `IEEE.brf' has not changed.
(rerunfilecheck)             Checksum: 8C230748B21E7916D563E39D488AC8EF;3458.
Package atveryend Info: Empty hook `AtVeryVeryEnd' on input line 1054.
 ) 
Here is how much of TeX's memory you used:
 7183 strings out of 493921
 105505 string characters out of 3147267
 196283 words of memory out of 3000000
 10289 multiletter control sequences out of 15000+200000
 40490 words of font info for 88 fonts, out of 3000000 for 9000
 841 hyphenation exceptions out of 8191
 32i,9n,29p,812b,444s stack positions out of 5000i,500n,10000p,200000b,50000s
{D:/Program Files/MiKTeX 2.9/fonts/enc/dvips/fontname/8r.enc}<D:/Program File
s/MiKTeX 2.9/fonts/type1/public/amsfonts/cm/cmbx10.pfb><D:/Program Files/MiKTeX
 2.9/fonts/type1/public/amsfonts/cm/cmbx7.pfb><D:/Program Files/MiKTeX 2.9/font
s/type1/public/amsfonts/cm/cmex10.pfb><D:/Program Files/MiKTeX 2.9/fonts/type1/
public/amsfonts/cm/cmmi10.pfb><D:/Program Files/MiKTeX 2.9/fonts/type1/public/a
msfonts/cm/cmmi5.pfb><D:/Program Files/MiKTeX 2.9/fonts/type1/public/amsfonts/c
m/cmmi6.pfb><D:/Program Files/MiKTeX 2.9/fonts/type1/public/amsfonts/cm/cmmi7.p
fb><D:/Program Files/MiKTeX 2.9/fonts/type1/public/amsfonts/cm/cmmi8.pfb><D:/Pr
ogram Files/MiKTeX 2.9/fonts/type1/public/amsfonts/cm/cmr10.pfb><D:/Program Fil
es/MiKTeX 2.9/fonts/type1/public/amsfonts/cm/cmr5.pfb><D:/Program Files/MiKTeX 
2.9/fonts/type1/public/amsfonts/cm/cmr7.pfb><D:/Program Files/MiKTeX 2.9/fonts/
type1/public/amsfonts/cm/cmr8.pfb><D:/Program Files/MiKTeX 2.9/fonts/type1/publ
ic/amsfonts/cm/cmsy10.pfb><D:/Program Files/MiKTeX 2.9/fonts/type1/public/amsfo
nts/cm/cmsy7.pfb><D:/Program Files/MiKTeX 2.9/fonts/type1/public/amsfonts/cm/cm
sy8.pfb><D:/Program Files/MiKTeX 2.9/fonts/type1/urw/times/utmb8a.pfb><D:/Progr
am Files/MiKTeX 2.9/fonts/type1/urw/times/utmbi8a.pfb><D:/Program Files/MiKTeX 
2.9/fonts/type1/urw/times/utmr8a.pfb><D:/Program Files/MiKTeX 2.9/fonts/type1/u
rw/times/utmri8a.pfb>
Output written on IEEE.pdf (10 pages, 6275968 bytes).
PDF statistics:
 497 PDF objects out of 1000 (max. 8388607)
 111 named destinations out of 1000 (max. 500000)
 254 words of extra memory for PDF output out of 10000 (max. 10000000)

